<?xml version='1.0' encoding='UTF-8' ?>
<testsuite name="com.example.lunchtray.OrderFunctionalityTests" tests="3" failures="1" errors="0" skipped="0" time="45.734" timestamp="2022-05-06T12:01:30" hostname="localhost">
  <properties>
    <property name="device" value="Pixel_4_API_32(AVD) - 12" />
    <property name="flavor" value="" />
    <property name="project" value="app" />
  </properties>
  <testcase name="radio_buttons_update_side_menu_subtotal" classname="com.example.lunchtray.OrderFunctionalityTests" time="8.951" />
  <testcase name="order_reset_after_cancel_from_accompaniment_menu" classname="com.example.lunchtray.OrderFunctionalityTests" time="16.915" />
  <testcase name="subtotal_updates_in_full_order_flow" classname="com.example.lunchtray.OrderFunctionalityTests" time="13.956">
    <failure></failure>
  </testcase>
</testsuite>